<?xml version="1.0" encoding="UTF-8"?>
<testng-results ignored="0" total="2" passed="2" failed="0" skipped="0">
  <reporter-output>
  </reporter-output>
  <suite started-at="2024-09-26T16:00:54 IST" name="Suite" finished-at="2024-09-26T16:01:00 IST" duration-ms="6379">
    <groups>
    </groups>
    <test started-at="2024-09-26T16:00:54 IST" name="Test" finished-at="2024-09-26T16:01:00 IST" duration-ms="6379">
      <class name="testngday4.Indeedpage">
        <test-method signature="A(java.lang.String)[pri:0, instance:testngday4.Indeedpage@c8c12ac]" started-at="2024-09-26T16:00:54 IST" name="A" finished-at="2024-09-26T16:00:59 IST" duration-ms="5802" status="PASS">
          <params>
            <param index="0">
              <value>
                <![CDATA[https://in.indeed.com/]]>
              </value>
            </param>
          </params>
          <reporter-output>
          </reporter-output>
        </test-method> <!-- A -->
        <test-method signature="B(java.lang.String,java.lang.String)[pri:0, instance:testngday4.Indeedpage@c8c12ac]" started-at="2024-09-26T16:00:59 IST" name="B" finished-at="2024-09-26T16:01:00 IST" duration-ms="493" status="PASS">
          <params>
            <param index="0">
              <value>
                <![CDATA[Testing]]>
              </value>
            </param>
            <param index="1">
              <value>
                <![CDATA[Noida]]>
              </value>
            </param>
          </params>
          <reporter-output>
          </reporter-output>
        </test-method> <!-- B -->
      </class> <!-- testngday4.Indeedpage -->
    </test> <!-- Test -->
  </suite> <!-- Suite -->
</testng-results>
